<?xml version="1.0" encoding="UTF-8" standalone="no"?>
<testsuite errors="0" failures="0" name="io.cucumber.core.plugin.JUnitFormatter" skipped="0" tests="5" time="193.897">
    <testcase classname="Add new boking page functionality validation" name="Create a new booking" time="42.984">
        <system-out>
            <![CDATA[Given User has already logged in to application.............................passed
Given user is on booking list page..........................................passed
When user gets title of the page............................................passed
Then page title should be "EWL Connect Booking List"........................passed
Then add new booking button is vissible on screen...........................passed
Then user clicks on add new booking button..................................passed
When user gets title of the page............................................passed
Then page title should be "EWL Connect New Booking".........................passed
Then enter customer name "ard" and customer name "aj".......................passed
And click on confirm button.................................................passed
When user gets title of the page............................................passed
Then page title should be "EWL Connect Edit Booking"........................passed
]]>
        </system-out>
    </testcase>
    <testcase classname="Validate booking Details features" name="Validate Booking flow" time="98.694">
        <system-out>
            <![CDATA[Given User has already logged in to application.............................passed
Given user is on booking list page..........................................passed
When user gets title of the page............................................passed
Then page title should be "EWL Connect Booking List"........................passed
Then add new booking button is vissible on screen...........................passed
Then user clicks on add new booking button..................................passed
When user gets title of the page............................................passed
Then page title should be "EWL Connect New Booking".........................passed
Then enter customer name "ard" and customer name "aj".......................passed
And click on confirm button.................................................passed
Then enter Agent "a"........................................................passed
Then enter POL "a"..........................................................passed
Then enter POD "a"..........................................................passed
Then enter incoterm.........................................................passed
And click on save...........................................................passed
When get the status of the booking..........................................passed
Then booking status should be "Initial".....................................passed
Then fill Order details.....................................................passed
Then fill Sailing details...................................................passed
Then click on Sailing save button...........................................passed
Then Fill Equipment details.................................................passed
And click on save...........................................................passed
When get the status of the booking..........................................passed
Then booking status should be "AwaitingApproval"............................passed
Then Click on Send to SA button.............................................passed
Then Approve SA.............................................................passed
When get the status of the booking..........................................passed
Then booking status should be "Approved"....................................passed
Then Go to Search bar and search booking....................................passed
Then validate booking.......................................................passed
Then fill service contract..................................................passed
Then Select Sent to Agent...................................................passed
Then select Confirm booking.................................................passed
Then Convert the booking to Job.............................................passed
]]>
        </system-out>
    </testcase>
    <testcase classname="Validate booking list features" name="Validate Search Bar on Booking list page with valid data" time="28.814">
        <system-out>
            <![CDATA[Given User has already logged in to application.............................passed
Given user is on booking list page..........................................passed
Then user enters "PRE000608" booking id on search bar.......................passed
Then validate Booking id "PRE000608"........................................passed
]]>
        </system-out>
    </testcase>
    <testcase classname="To validate Login Page Feature" name="Login Page Title" time="6.357">
        <system-out>
            <![CDATA[Given user is on the login page of EWL......................................passed
When user gets title of the page............................................passed
Then page title should be "EWL Connect Login"...............................passed
]]>
        </system-out>
    </testcase>
    <testcase classname="To validate Login Page Feature" name="Login as a valid user" time="16.794">
        <system-out>
            <![CDATA[Given user is on the login page of EWL......................................passed
Then user enters username "kavita.khandelwal@edgewl.com"....................passed
And user enters password "1_b?!?hG".........................................passed
And clicks on Sign in button................................................passed
When user gets title of the page............................................passed
Then page title should be "EWL Connect Dashboard"...........................passed
]]>
        </system-out>
    </testcase>
</testsuite>
